<?xml version="1.0" encoding="utf-8"?><testsuites name="pytest tests"><testsuite name="pytest" errors="0" failures="1" skipped="0" tests="34" time="25.580" timestamp="2026-01-22T15:21:12.701014+00:00" hostname="agent-env-700afd66-19f7-4fce-99ee-0f85364417d3"><testcase classname="tests.test_phase7_new_roles_chat_features.TestNewRolesLogin" name="test_sales_login" time="0.282" /><testcase classname="tests.test_phase7_new_roles_chat_features.TestNewRolesLogin" name="test_existing_admin_login" time="0.267" /><testcase classname="tests.test_phase7_new_roles_chat_features.TestNewRolesLogin" name="test_existing_manager_login" time="0.265" /><testcase classname="tests.test_phase7_new_roles_chat_features.TestNewRolesLogin" name="test_existing_team_member_login" time="0.259" /><testcase classname="tests.test_phase7_new_roles_chat_features.TestNewRolesTaskAccess" name="test_sales_can_access_tasks_list" time="0.340" /><testcase classname="tests.test_phase7_new_roles_chat_features.TestNewRolesTaskAccess" name="test_sales_can_get_assignable_users" time="0.038" /><testcase classname="tests.test_phase7_new_roles_chat_features.TestNewRolesTaskAccess" name="test_sales_can_create_task_assigned_to_manager" time="0.076" /><testcase classname="tests.test_phase7_new_roles_chat_features.TestNewRolesTaskAccess" name="test_sales_cannot_assign_task_to_admin" time="0.341" /><testcase classname="tests.test_phase7_new_roles_chat_features.TestNewRolesAccessRestrictions" name="test_sales_cannot_access_user_management" time="0.336" /><testcase classname="tests.test_phase7_new_roles_chat_features.TestNewRolesAccessRestrictions" name="test_sales_cannot_create_users" time="0.041" /><testcase classname="tests.test_phase7_new_roles_chat_features.TestNewRolesAccessRestrictions" name="test_sales_cannot_access_reports" time="0.047"><failure message="AssertionError: Expected 403, got 200: [{&quot;user_id&quot;:&quot;9349d6c2-5509-4560-907b-b09d9700c9db&quot;,&quot;user_name&quot;:&quot;Admin User&quot;,&quot;user_email&quot;:&quot;admin@tripstars.com&quot;,&quot;total_tasks_assigned&quot;:7,&quot;tasks_completed&quot;:0,&quot;tasks_completed_on_time&quot;:0,&quot;overdue_tasks&quot;:1,&quot;average_completion_time_hours&quot;:0.0,&quot;productivity_score&quot;:25.71},{&quot;user_id&quot;:&quot;3ce88087-bc7c-4e77-af9f-2453f6ac3443&quot;,&quot;user_name&quot;:&quot;Manager User&quot;,&quot;user_email&quot;:&quot;manager@tripstars.com&quot;,&quot;total_tasks_assigned&quot;:15,&quot;tasks_completed&quot;:1,&quot;tasks_completed_on_time&quot;:0,&quot;overdue_tasks&quot;:0,&quot;average_completion_time_hours&quot;:0.0,&quot;productivity_score&quot;:32.67},{&quot;user_id&quot;:&quot;c2f0c397-f3e6-47fa-bcac-f1106b052dee&quot;,&quot;user_name&quot;:&quot;Team Member&quot;,&quot;user_email&quot;:&quot;member@tripstars.com&quot;,&quot;total_tasks_assigned&quot;:19,&quot;tasks_completed&quot;:3,&quot;tasks_completed_on_time&quot;:3,&quot;overdue_tasks&quot;:0,&quot;average_completion_time_hours&quot;:0.18,&quot;productivity_score&quot;:41.05},{&quot;user_id&quot;:&quot;5f1f0f0b-d8fa-4059-a79e-147b69c961c1&quot;,&quot;user_name&quot;:&quot;Test User&quot;,&quot;user_email&quot;:&quot;test_user_110239@tripstars.com&quot;,&quot;total_tasks_assigned&quot;:1,&quot;tasks_completed&quot;:0,&quot;tasks_completed_on_time&quot;:0,&quot;overdue_tasks&quot;:0,&quot;average_completion_time_hours&quot;:0.0,&quot;productivity_score&quot;:30.0},{&quot;user_id&quot;:&quot;ddab5eda-5194-43e8-b252-3b54a4821794&quot;,&quot;user_name&quot;:&quot;Test User Frontend&quot;,&quot;user_email&quot;:&quot;testfrontend@tripstars.com&quot;,&quot;total_tasks_assigned&quot;:0,&quot;tasks_completed&quot;:0,&quot;tasks_completed_on_time&quot;:0,&quot;overdue_tasks&quot;:0,&quot;average_completion_time_hours&quot;:0.0,&quot;productivity_score&quot;:0.0},{&quot;user_id&quot;:&quot;f09ea82e-ddfb-48f9-b724-cb10a8db9c36&quot;,&quot;user_name&quot;:&quot;Admin user&quot;,&quot;user_email&quot;:&quot;adminuser@gmail.com&quot;,&quot;total_tasks_assigned&quot;:0,&quot;tasks_completed&quot;:0,&quot;tasks_completed_on_time&quot;:0,&quot;overdue_tasks&quot;:0,&quot;average_completion_time_hours&quot;:0.0,&quot;productivity_score&quot;:0.0},{&quot;user_id&quot;:&quot;5ef2e0ef-99d7-4dbf-ad0a-0b5743edd256&quot;,&quot;user_name&quot;:&quot;test user &quot;,&quot;user_email&quot;:&quot;itsanjali2410@gmail.com&quot;,&quot;total_tasks_assigned&quot;:4,&quot;tasks_completed&quot;:0,&quot;tasks_completed_on_time&quot;:0,&quot;overdue_tasks&quot;:0,&quot;average_completion_time_hours&quot;:0.0,&quot;productivity_score&quot;:30.0},{&quot;user_id&quot;:&quot;99689262-5346-41fd-8afe-0a78be193b27&quot;,&quot;user_name&quot;:&quot;Test User&quot;,&quot;user_email&quot;:&quot;test_user_115732@tripstars.com&quot;,&quot;total_tasks_assigned&quot;:0,&quot;tasks_completed&quot;:0,&quot;tasks_completed_on_time&quot;:0,&quot;overdue_tasks&quot;:0,&quot;average_completion_time_hours&quot;:0.0,&quot;productivity_score&quot;:0.0},{&quot;user_id&quot;:&quot;91e44942-dec6-4fa2-88ba-7d599d063633&quot;,&quot;user_name&quot;:&quot;Test User&quot;,&quot;user_email&quot;:&quot;test_user_115746@tripstars.com&quot;,&quot;total_tasks_assigned&quot;:0,&quot;tasks_completed&quot;:0,&quot;tasks_completed_on_time&quot;:0,&quot;overdue_tasks&quot;:0,&quot;average_completion_time_hours&quot;:0.0,&quot;productivity_score&quot;:0.0},{&quot;user_id&quot;:&quot;79b78e20-1e46-4b21-8fd6-d2ce21c44f95&quot;,&quot;user_name&quot;:&quot;Test User&quot;,&quot;user_email&quot;:&quot;test_user_123739@tripstars.com&quot;,&quot;total_tasks_assigned&quot;:0,&quot;tasks_completed&quot;:0,&quot;tasks_completed_on_time&quot;:0,&quot;overdue_tasks&quot;:0,&quot;average_completion_time_hours&quot;:0.0,&quot;productivity_score&quot;:0.0},{&quot;user_id&quot;:&quot;6af9ca57-70fe-4e5e-9192-2957e0d51052&quot;,&quot;user_name&quot;:&quot;Test User&quot;,&quot;user_email&quot;:&quot;test_user_085140@tripstars.com&quot;,&quot;total_tasks_assigned&quot;:1,&quot;tasks_completed&quot;:0,&quot;tasks_completed_on_time&quot;:0,&quot;overdue_tasks&quot;:0,&quot;average_completion_time_hours&quot;:0.0,&quot;productivity_score&quot;:30.0},{&quot;user_id&quot;:&quot;ff3c7baa-997b-4e18-bca8-e4e56ea478ce&quot;,&quot;user_name&quot;:&quot;TEST User 157d3a22&quot;,&quot;user_email&quot;:&quot;TEST_user_157d3a22@tripstars.com&quot;,&quot;total_tasks_assigned&quot;:0,&quot;tasks_completed&quot;:0,&quot;tasks_completed_on_time&quot;:0,&quot;overdue_tasks&quot;:0,&quot;average_completion_time_hours&quot;:0.0,&quot;productivity_score&quot;:0.0},{&quot;user_id&quot;:&quot;ba7b9b3f-8aeb-47c2-84e4-7790e406b828&quot;,&quot;user_name&quot;:&quot;Updated Name c1c3e209&quot;,&quot;user_email&quot;:&quot;TEST_edit_c1c3e209@tripstars.com&quot;,&quot;total_tasks_assigned&quot;:0,&quot;tasks_completed&quot;:0,&quot;tasks_completed_on_time&quot;:0,&quot;overdue_tasks&quot;:0,&quot;average_completion_time_hours&quot;:0.0,&quot;productivity_score&quot;:0.0},{&quot;user_id&quot;:&quot;4df3777f-135a-4d96-be12-beddea4813bf&quot;,&quot;user_name&quot;:&quot;TEST Password User 300069eb&quot;,&quot;user_email&quot;:&quot;TEST_pwd_300069eb@tripstars.com&quot;,&quot;total_tasks_assigned&quot;:0,&quot;tasks_completed&quot;:0,&quot;tasks_completed_on_time&quot;:0,&quot;overdue_tasks&quot;:0,&quot;average_completion_time_hours&quot;:0.0,&quot;productivity_score&quot;:0.0},{&quot;user_id&quot;:&quot;db7ee8d4-6f07-4dd7-8aec-631315a0a51b&quot;,&quot;user_name&quot;:&quot;TEST Deactivate User 4a9561b6&quot;,&quot;user_email&quot;:&quot;TEST_deact_4a9561b6@tripstars.com&quot;,&quot;total_tasks_assigned&quot;:0,&quot;tasks_completed&quot;:0,&quot;tasks_completed_on_time&quot;:0,&quot;overdue_tasks&quot;:0,&quot;average_completion_time_hours&quot;:0.0,&quot;productivity_score&quot;:0.0},{&quot;user_id&quot;:&quot;220bd048-e871-4d08-a1f1-e1ba985e9e44&quot;,&quot;user_name&quot;:&quot;TEST Activate User 27ca51bc&quot;,&quot;user_email&quot;:&quot;TEST_act_27ca51bc@tripstars.com&quot;,&quot;total_tasks_assigned&quot;:0,&quot;tasks_completed&quot;:0,&quot;tasks_completed_on_time&quot;:0,&quot;overdue_tasks&quot;:0,&quot;average_completion_time_hours&quot;:0.0,&quot;productivity_score&quot;:0.0},{&quot;user_id&quot;:&quot;a9e48d0e-9cb3-4eae-8143-99419c73d283&quot;,&quot;user_name&quot;:&quot;TEST User 18ce9fc0&quot;,&quot;user_email&quot;:&quot;TEST_user_18ce9fc0@tripstars.com&quot;,&quot;total_tasks_assigned&quot;:0,&quot;tasks_completed&quot;:0,&quot;tasks_completed_on_time&quot;:0,&quot;overdue_tasks&quot;:0,&quot;average_completion_time_hours&quot;:0.0,&quot;productivity_score&quot;:0.0},{&quot;user_id&quot;:&quot;442b1842-16c1-4b18-a83c-0f87d443315c&quot;,&quot;user_name&quot;:&quot;Updated Name e746a940&quot;,&quot;user_email&quot;:&quot;TEST_edit_e746a940@tripstars.com&quot;,&quot;total_tasks_assigned&quot;:0,&quot;tasks_completed&quot;:0,&quot;tasks_completed_on_time&quot;:0,&quot;overdue_tasks&quot;:0,&quot;average_completion_time_hours&quot;:0.0,&quot;productivity_score&quot;:0.0},{&quot;user_id&quot;:&quot;269f5cb3-2d6d-4c9d-8f2b-3bad4c08e729&quot;,&quot;user_name&quot;:&quot;TEST Password User 746b1961&quot;,&quot;user_email&quot;:&quot;TEST_pwd_746b1961@tripstars.com&quot;,&quot;total_tasks_assigned&quot;:0,&quot;tasks_completed&quot;:0,&quot;tasks_completed_on_time&quot;:0,&quot;overdue_tasks&quot;:0,&quot;average_completion_time_hours&quot;:0.0,&quot;productivity_score&quot;:0.0},{&quot;user_id&quot;:&quot;9857788d-4bb5-47fc-867b-cfde6d617a1d&quot;,&quot;user_name&quot;:&quot;TEST Deactivate User 1ad8f47d&quot;,&quot;user_email&quot;:&quot;TEST_deact_1ad8f47d@tripstars.com&quot;,&quot;total_tasks_assigned&quot;:0,&quot;tasks_completed&quot;:0,&quot;tasks_completed_on_time&quot;:0,&quot;overdue_tasks&quot;:0,&quot;average_completion_time_hours&quot;:0.0,&quot;productivity_score&quot;:0.0},{&quot;user_id&quot;:&quot;76bb27c6-cf08-4147-a6dd-ab78c3a2f87f&quot;,&quot;user_name&quot;:&quot;TEST Activate User cde6a307&quot;,&quot;user_email&quot;:&quot;TEST_act_cde6a307@tripstars.com&quot;,&quot;total_tasks_assigned&quot;:0,&quot;tasks_completed&quot;:0,&quot;tasks_completed_on_time&quot;:0,&quot;overdue_tasks&quot;:0,&quot;average_completion_time_hours&quot;:0.0,&quot;productivity_score&quot;:0.0},{&quot;user_id&quot;:&quot;116aaa56-9312-43da-bff2-36a85e87cf0c&quot;,&quot;user_name&quot;:&quot;Sales User&quot;,&quot;user_email&quot;:&quot;sales@tripstars.com&quot;,&quot;total_tasks_assigned&quot;:0,&quot;tasks_completed&quot;:0,&quot;tasks_completed_on_time&quot;:0,&quot;overdue_tasks&quot;:0,&quot;average_completion_time_hours&quot;:0.0,&quot;productivity_score&quot;:0.0}]&#10;assert 200 == 403&#10; +  where 200 = &lt;Response [200]&gt;.status_code">tests/test_phase7_new_roles_chat_features.py:195: in test_sales_cannot_access_reports
    assert response.status_code == 403, f"Expected 403, got {response.status_code}: {response.text}"
E   AssertionError: Expected 403, got 200: [{"user_id":"9349d6c2-5509-4560-907b-b09d9700c9db","user_name":"Admin User","user_email":"admin@tripstars.com","total_tasks_assigned":7,"tasks_completed":0,"tasks_completed_on_time":0,"overdue_tasks":1,"average_completion_time_hours":0.0,"productivity_score":25.71},{"user_id":"3ce88087-bc7c-4e77-af9f-2453f6ac3443","user_name":"Manager User","user_email":"manager@tripstars.com","total_tasks_assigned":15,"tasks_completed":1,"tasks_completed_on_time":0,"overdue_tasks":0,"average_completion_time_hours":0.0,"productivity_score":32.67},{"user_id":"c2f0c397-f3e6-47fa-bcac-f1106b052dee","user_name":"Team Member","user_email":"member@tripstars.com","total_tasks_assigned":19,"tasks_completed":3,"tasks_completed_on_time":3,"overdue_tasks":0,"average_completion_time_hours":0.18,"productivity_score":41.05},{"user_id":"5f1f0f0b-d8fa-4059-a79e-147b69c961c1","user_name":"Test User","user_email":"test_user_110239@tripstars.com","total_tasks_assigned":1,"tasks_completed":0,"tasks_completed_on_time":0,"overdue_tasks":0,"average_completion_time_hours":0.0,"productivity_score":30.0},{"user_id":"ddab5eda-5194-43e8-b252-3b54a4821794","user_name":"Test User Frontend","user_email":"testfrontend@tripstars.com","total_tasks_assigned":0,"tasks_completed":0,"tasks_completed_on_time":0,"overdue_tasks":0,"average_completion_time_hours":0.0,"productivity_score":0.0},{"user_id":"f09ea82e-ddfb-48f9-b724-cb10a8db9c36","user_name":"Admin user","user_email":"adminuser@gmail.com","total_tasks_assigned":0,"tasks_completed":0,"tasks_completed_on_time":0,"overdue_tasks":0,"average_completion_time_hours":0.0,"productivity_score":0.0},{"user_id":"5ef2e0ef-99d7-4dbf-ad0a-0b5743edd256","user_name":"test user ","user_email":"itsanjali2410@gmail.com","total_tasks_assigned":4,"tasks_completed":0,"tasks_completed_on_time":0,"overdue_tasks":0,"average_completion_time_hours":0.0,"productivity_score":30.0},{"user_id":"99689262-5346-41fd-8afe-0a78be193b27","user_name":"Test User","user_email":"test_user_115732@tripstars.com","total_tasks_assigned":0,"tasks_completed":0,"tasks_completed_on_time":0,"overdue_tasks":0,"average_completion_time_hours":0.0,"productivity_score":0.0},{"user_id":"91e44942-dec6-4fa2-88ba-7d599d063633","user_name":"Test User","user_email":"test_user_115746@tripstars.com","total_tasks_assigned":0,"tasks_completed":0,"tasks_completed_on_time":0,"overdue_tasks":0,"average_completion_time_hours":0.0,"productivity_score":0.0},{"user_id":"79b78e20-1e46-4b21-8fd6-d2ce21c44f95","user_name":"Test User","user_email":"test_user_123739@tripstars.com","total_tasks_assigned":0,"tasks_completed":0,"tasks_completed_on_time":0,"overdue_tasks":0,"average_completion_time_hours":0.0,"productivity_score":0.0},{"user_id":"6af9ca57-70fe-4e5e-9192-2957e0d51052","user_name":"Test User","user_email":"test_user_085140@tripstars.com","total_tasks_assigned":1,"tasks_completed":0,"tasks_completed_on_time":0,"overdue_tasks":0,"average_completion_time_hours":0.0,"productivity_score":30.0},{"user_id":"ff3c7baa-997b-4e18-bca8-e4e56ea478ce","user_name":"TEST User 157d3a22","user_email":"TEST_user_157d3a22@tripstars.com","total_tasks_assigned":0,"tasks_completed":0,"tasks_completed_on_time":0,"overdue_tasks":0,"average_completion_time_hours":0.0,"productivity_score":0.0},{"user_id":"ba7b9b3f-8aeb-47c2-84e4-7790e406b828","user_name":"Updated Name c1c3e209","user_email":"TEST_edit_c1c3e209@tripstars.com","total_tasks_assigned":0,"tasks_completed":0,"tasks_completed_on_time":0,"overdue_tasks":0,"average_completion_time_hours":0.0,"productivity_score":0.0},{"user_id":"4df3777f-135a-4d96-be12-beddea4813bf","user_name":"TEST Password User 300069eb","user_email":"TEST_pwd_300069eb@tripstars.com","total_tasks_assigned":0,"tasks_completed":0,"tasks_completed_on_time":0,"overdue_tasks":0,"average_completion_time_hours":0.0,"productivity_score":0.0},{"user_id":"db7ee8d4-6f07-4dd7-8aec-631315a0a51b","user_name":"TEST Deactivate User 4a9561b6","user_email":"TEST_deact_4a9561b6@tripstars.com","total_tasks_assigned":0,"tasks_completed":0,"tasks_completed_on_time":0,"overdue_tasks":0,"average_completion_time_hours":0.0,"productivity_score":0.0},{"user_id":"220bd048-e871-4d08-a1f1-e1ba985e9e44","user_name":"TEST Activate User 27ca51bc","user_email":"TEST_act_27ca51bc@tripstars.com","total_tasks_assigned":0,"tasks_completed":0,"tasks_completed_on_time":0,"overdue_tasks":0,"average_completion_time_hours":0.0,"productivity_score":0.0},{"user_id":"a9e48d0e-9cb3-4eae-8143-99419c73d283","user_name":"TEST User 18ce9fc0","user_email":"TEST_user_18ce9fc0@tripstars.com","total_tasks_assigned":0,"tasks_completed":0,"tasks_completed_on_time":0,"overdue_tasks":0,"average_completion_time_hours":0.0,"productivity_score":0.0},{"user_id":"442b1842-16c1-4b18-a83c-0f87d443315c","user_name":"Updated Name e746a940","user_email":"TEST_edit_e746a940@tripstars.com","total_tasks_assigned":0,"tasks_completed":0,"tasks_completed_on_time":0,"overdue_tasks":0,"average_completion_time_hours":0.0,"productivity_score":0.0},{"user_id":"269f5cb3-2d6d-4c9d-8f2b-3bad4c08e729","user_name":"TEST Password User 746b1961","user_email":"TEST_pwd_746b1961@tripstars.com","total_tasks_assigned":0,"tasks_completed":0,"tasks_completed_on_time":0,"overdue_tasks":0,"average_completion_time_hours":0.0,"productivity_score":0.0},{"user_id":"9857788d-4bb5-47fc-867b-cfde6d617a1d","user_name":"TEST Deactivate User 1ad8f47d","user_email":"TEST_deact_1ad8f47d@tripstars.com","total_tasks_assigned":0,"tasks_completed":0,"tasks_completed_on_time":0,"overdue_tasks":0,"average_completion_time_hours":0.0,"productivity_score":0.0},{"user_id":"76bb27c6-cf08-4147-a6dd-ab78c3a2f87f","user_name":"TEST Activate User cde6a307","user_email":"TEST_act_cde6a307@tripstars.com","total_tasks_assigned":0,"tasks_completed":0,"tasks_completed_on_time":0,"overdue_tasks":0,"average_completion_time_hours":0.0,"productivity_score":0.0},{"user_id":"116aaa56-9312-43da-bff2-36a85e87cf0c","user_name":"Sales User","user_email":"sales@tripstars.com","total_tasks_assigned":0,"tasks_completed":0,"tasks_completed_on_time":0,"overdue_tasks":0,"average_completion_time_hours":0.0,"productivity_score":0.0}]
E   assert 200 == 403
E    +  where 200 = &lt;Response [200]&gt;.status_code</failure></testcase><testcase classname="tests.test_phase7_new_roles_chat_features.TestNewRolesAccessRestrictions" name="test_sales_cannot_access_audit_logs" time="0.043" /><testcase classname="tests.test_phase7_new_roles_chat_features.TestNewRolesChatAccess" name="test_sales_can_get_available_users_for_chat" time="0.293" /><testcase classname="tests.test_phase7_new_roles_chat_features.TestNewRolesChatAccess" name="test_sales_can_create_conversation" time="0.364" /><testcase classname="tests.test_phase7_new_roles_chat_features.TestNewRolesChatAccess" name="test_sales_can_send_message" time="0.078" /><testcase classname="tests.test_phase7_new_roles_chat_features.TestNewRolesChatAccess" name="test_sales_can_list_conversations" time="0.038" /><testcase classname="tests.test_phase7_new_roles_chat_features.TestChatPinConversation" name="test_pin_conversation" time="0.377" /><testcase classname="tests.test_phase7_new_roles_chat_features.TestChatPinConversation" name="test_unpin_conversation" time="0.038" /><testcase classname="tests.test_phase7_new_roles_chat_features.TestChatPinConversation" name="test_pinned_conversations_appear_in_list" time="0.078" /><testcase classname="tests.test_phase7_new_roles_chat_features.TestChatPinMessage" name="test_pin_message" time="0.443" /><testcase classname="tests.test_phase7_new_roles_chat_features.TestChatPinMessage" name="test_unpin_message" time="0.037" /><testcase classname="tests.test_phase7_new_roles_chat_features.TestChatPinMessage" name="test_get_pinned_messages" time="0.071" /><testcase classname="tests.test_phase7_new_roles_chat_features.TestChatSearchMessages" name="test_search_messages_all_conversations" time="0.459" /><testcase classname="tests.test_phase7_new_roles_chat_features.TestChatSearchMessages" name="test_search_messages_in_specific_conversation" time="0.039" /><testcase classname="tests.test_phase7_new_roles_chat_features.TestChatSearchMessages" name="test_search_returns_conversation_name" time="0.040" /><testcase classname="tests.test_phase7_new_roles_chat_features.TestChatSearchMessages" name="test_search_empty_query_fails" time="0.032" /><testcase classname="tests.test_phase7_new_roles_chat_features.TestAdminSelfDeactivationPrevention" name="test_admin_cannot_deactivate_self" time="0.368" /><testcase classname="tests.test_phase7_new_roles_chat_features.TestExistingRolesUnchanged" name="test_admin_can_access_user_management" time="0.295" /><testcase classname="tests.test_phase7_new_roles_chat_features.TestExistingRolesUnchanged" name="test_admin_can_access_reports" time="0.052" /><testcase classname="tests.test_phase7_new_roles_chat_features.TestExistingRolesUnchanged" name="test_admin_can_access_audit_logs" time="0.042" /><testcase classname="tests.test_phase7_new_roles_chat_features.TestExistingRolesUnchanged" name="test_manager_can_access_reports" time="0.304" /><testcase classname="tests.test_phase7_new_roles_chat_features.TestExistingRolesUnchanged" name="test_manager_can_access_audit_logs" time="0.036" /><testcase classname="tests.test_phase7_new_roles_chat_features.TestExistingRolesUnchanged" name="test_team_member_can_access_tasks" time="0.290" /><testcase classname="tests.test_phase7_new_roles_chat_features.TestExistingRolesUnchanged" name="test_team_member_cannot_access_user_management" time="19.352" /></testsuite></testsuites>