<?xml version="1.0" encoding="utf-8"?><testsuites name="pytest tests"><testsuite name="pytest" errors="0" failures="0" skipped="0" tests="27" time="6.257" timestamp="2026-01-22T11:25:01.462784+00:00" hostname="agent-env-700afd66-19f7-4fce-99ee-0f85364417d3"><testcase classname="tests.test_phase6_backend.TestAuthTokens" name="test_admin_login" time="0.283" /><testcase classname="tests.test_phase6_backend.TestAuthTokens" name="test_manager_login" time="0.265" /><testcase classname="tests.test_phase6_backend.TestAuthTokens" name="test_member_login" time="0.262" /><testcase classname="tests.test_phase6_backend.TestTeamMemberTaskAccess" name="test_member_can_access_tasks_list" time="0.305" /><testcase classname="tests.test_phase6_backend.TestTeamMemberTaskAccess" name="test_member_can_get_assignable_users" time="0.045" /><testcase classname="tests.test_phase6_backend.TestTeamMemberTaskAccess" name="test_member_can_create_task_assigned_to_manager" time="0.077" /><testcase classname="tests.test_phase6_backend.TestTeamMemberTaskAccess" name="test_member_can_create_task_assigned_to_other_member" time="0.080" /><testcase classname="tests.test_phase6_backend.TestTeamMemberTaskAccess" name="test_member_cannot_assign_task_to_admin" time="0.341" /><testcase classname="tests.test_phase6_backend.TestAdminSelfDeactivation" name="test_admin_cannot_deactivate_self" time="0.338" /><testcase classname="tests.test_phase6_backend.TestChatConversations" name="test_get_available_users_for_chat" time="0.341" /><testcase classname="tests.test_phase6_backend.TestChatConversations" name="test_create_direct_message_conversation" time="0.381" /><testcase classname="tests.test_phase6_backend.TestChatConversations" name="test_create_group_chat" time="0.336" /><testcase classname="tests.test_phase6_backend.TestChatConversations" name="test_list_conversations" time="0.039" /><testcase classname="tests.test_phase6_backend.TestChatConversations" name="test_group_requires_name" time="0.039" /><testcase classname="tests.test_phase6_backend.TestChatConversations" name="test_group_requires_minimum_participants" time="0.037" /><testcase classname="tests.test_phase6_backend.TestChatMessages" name="test_send_text_message" time="0.677" /><testcase classname="tests.test_phase6_backend.TestChatMessages" name="test_get_messages" time="0.039" /><testcase classname="tests.test_phase6_backend.TestChatMessages" name="test_mark_messages_as_read" time="0.081" /><testcase classname="tests.test_phase6_backend.TestChatMessages" name="test_typing_indicator" time="0.076" /><testcase classname="tests.test_phase6_backend.TestChatAttachments" name="test_upload_attachment" time="0.420" /><testcase classname="tests.test_phase6_backend.TestChatAttachments" name="test_send_message_with_attachment" time="0.038" /><testcase classname="tests.test_phase6_backend.TestWebSocketEndpoint" name="test_websocket_endpoint_exists" time="0.323" /><testcase classname="tests.test_phase6_backend.TestNotificationsRealTime" name="test_notifications_endpoint" time="0.325" /><testcase classname="tests.test_phase6_backend.TestNotificationsRealTime" name="test_notification_created_on_task_assignment" time="0.658" /><testcase classname="tests.test_phase6_backend.TestNotificationsRealTime" name="test_mark_notification_read" time="0.077" /><testcase classname="tests.test_phase6_backend.TestNotificationsRealTime" name="test_mark_all_notifications_read" time="0.039" /><testcase classname="tests.test_phase6_backend.TestCleanup" name="test_cleanup_test_tasks" time="0.261" /></testsuite></testsuites>