<?xml version="1.0" encoding="utf-8"?><testsuites name="pytest tests"><testsuite name="pytest" errors="0" failures="0" skipped="0" tests="23" time="7.892" timestamp="2026-01-22T10:22:26.289670+00:00" hostname="agent-env-700afd66-19f7-4fce-99ee-0f85364417d3"><testcase classname="tests.test_phase5_backend.TestAuthAndTokens" name="test_admin_login_returns_access_token" time="0.300" /><testcase classname="tests.test_phase5_backend.TestAuthAndTokens" name="test_manager_login_returns_access_token" time="0.264" /><testcase classname="tests.test_phase5_backend.TestAuthAndTokens" name="test_member_login_returns_access_token" time="0.265" /><testcase classname="tests.test_phase5_backend.TestUserManagementCRUD" name="test_admin_can_list_users" time="0.311" /><testcase classname="tests.test_phase5_backend.TestUserManagementCRUD" name="test_manager_can_list_users" time="0.341" /><testcase classname="tests.test_phase5_backend.TestUserManagementCRUD" name="test_member_cannot_list_users" time="0.346" /><testcase classname="tests.test_phase5_backend.TestUserManagementCRUD" name="test_admin_can_create_user" time="0.270" /><testcase classname="tests.test_phase5_backend.TestUserManagementCRUD" name="test_admin_can_edit_user" time="0.360" /><testcase classname="tests.test_phase5_backend.TestUserManagementCRUD" name="test_admin_can_reset_user_password" time="0.808" /><testcase classname="tests.test_phase5_backend.TestUserManagementCRUD" name="test_admin_can_deactivate_user" time="0.345" /><testcase classname="tests.test_phase5_backend.TestUserManagementCRUD" name="test_admin_can_activate_user" time="0.421" /><testcase classname="tests.test_phase5_backend.TestUserManagementCRUD" name="test_manager_cannot_create_user" time="0.038" /><testcase classname="tests.test_phase5_backend.TestTaskAssignmentWithUsers" name="test_users_list_returns_actual_users_for_assignment" time="0.299" /><testcase classname="tests.test_phase5_backend.TestTaskAssignmentWithUsers" name="test_create_task_with_specific_user_assignment" time="0.082" /><testcase classname="tests.test_phase5_backend.TestTaskDeletePrevention" name="test_delete_task_returns_405_for_admin" time="0.376" /><testcase classname="tests.test_phase5_backend.TestTaskDeletePrevention" name="test_delete_task_returns_405_for_manager" time="0.348" /><testcase classname="tests.test_phase5_backend.TestTaskCancelEndpoint" name="test_admin_can_cancel_task" time="0.416" /><testcase classname="tests.test_phase5_backend.TestTaskCancelEndpoint" name="test_manager_can_cancel_task" time="0.380" /><testcase classname="tests.test_phase5_backend.TestTaskCancelEndpoint" name="test_member_cannot_cancel_task" time="0.334" /><testcase classname="tests.test_phase5_backend.TestNotificationSoundToggle" name="test_notifications_endpoint_works" time="0.298" /><testcase classname="tests.test_phase5_backend.TestNotificationSoundToggle" name="test_unread_count_endpoint_works" time="0.036" /><testcase classname="tests.test_phase5_backend.TestAuditLogsForReassignment" name="test_task_reassignment_creates_audit_log" time="0.415" /><testcase classname="tests.test_phase5_backend.TestCleanup" name="test_cleanup_test_users" time="0.773" /></testsuite></testsuites>