<?xml version="1.0" encoding="utf-8"?><testsuites name="pytest tests"><testsuite name="pytest" errors="0" failures="0" skipped="0" tests="34" time="6.297" timestamp="2026-01-22T15:22:21.575589+00:00" hostname="agent-env-700afd66-19f7-4fce-99ee-0f85364417d3"><testcase classname="tests.test_phase7_new_roles_chat_features.TestNewRolesLogin" name="test_sales_login" time="0.320" /><testcase classname="tests.test_phase7_new_roles_chat_features.TestNewRolesLogin" name="test_existing_admin_login" time="0.266" /><testcase classname="tests.test_phase7_new_roles_chat_features.TestNewRolesLogin" name="test_existing_manager_login" time="0.267" /><testcase classname="tests.test_phase7_new_roles_chat_features.TestNewRolesLogin" name="test_existing_team_member_login" time="0.264" /><testcase classname="tests.test_phase7_new_roles_chat_features.TestNewRolesTaskAccess" name="test_sales_can_access_tasks_list" time="0.305" /><testcase classname="tests.test_phase7_new_roles_chat_features.TestNewRolesTaskAccess" name="test_sales_can_get_assignable_users" time="0.042" /><testcase classname="tests.test_phase7_new_roles_chat_features.TestNewRolesTaskAccess" name="test_sales_can_create_task_assigned_to_manager" time="0.077" /><testcase classname="tests.test_phase7_new_roles_chat_features.TestNewRolesTaskAccess" name="test_sales_cannot_assign_task_to_admin" time="0.336" /><testcase classname="tests.test_phase7_new_roles_chat_features.TestNewRolesAccessRestrictions" name="test_sales_cannot_access_user_management" time="0.336" /><testcase classname="tests.test_phase7_new_roles_chat_features.TestNewRolesAccessRestrictions" name="test_sales_cannot_create_users" time="0.038" /><testcase classname="tests.test_phase7_new_roles_chat_features.TestNewRolesAccessRestrictions" name="test_sales_reports_access" time="0.044" /><testcase classname="tests.test_phase7_new_roles_chat_features.TestNewRolesAccessRestrictions" name="test_sales_cannot_access_audit_logs" time="0.036" /><testcase classname="tests.test_phase7_new_roles_chat_features.TestNewRolesChatAccess" name="test_sales_can_get_available_users_for_chat" time="0.305" /><testcase classname="tests.test_phase7_new_roles_chat_features.TestNewRolesChatAccess" name="test_sales_can_create_conversation" time="0.373" /><testcase classname="tests.test_phase7_new_roles_chat_features.TestNewRolesChatAccess" name="test_sales_can_send_message" time="0.225" /><testcase classname="tests.test_phase7_new_roles_chat_features.TestNewRolesChatAccess" name="test_sales_can_list_conversations" time="0.035" /><testcase classname="tests.test_phase7_new_roles_chat_features.TestChatPinConversation" name="test_pin_conversation" time="0.364" /><testcase classname="tests.test_phase7_new_roles_chat_features.TestChatPinConversation" name="test_unpin_conversation" time="0.038" /><testcase classname="tests.test_phase7_new_roles_chat_features.TestChatPinConversation" name="test_pinned_conversations_appear_in_list" time="0.079" /><testcase classname="tests.test_phase7_new_roles_chat_features.TestChatPinMessage" name="test_pin_message" time="0.406" /><testcase classname="tests.test_phase7_new_roles_chat_features.TestChatPinMessage" name="test_unpin_message" time="0.036" /><testcase classname="tests.test_phase7_new_roles_chat_features.TestChatPinMessage" name="test_get_pinned_messages" time="0.075" /><testcase classname="tests.test_phase7_new_roles_chat_features.TestChatSearchMessages" name="test_search_messages_all_conversations" time="0.414" /><testcase classname="tests.test_phase7_new_roles_chat_features.TestChatSearchMessages" name="test_search_messages_in_specific_conversation" time="0.037" /><testcase classname="tests.test_phase7_new_roles_chat_features.TestChatSearchMessages" name="test_search_returns_conversation_name" time="0.037" /><testcase classname="tests.test_phase7_new_roles_chat_features.TestChatSearchMessages" name="test_search_empty_query_fails" time="0.037" /><testcase classname="tests.test_phase7_new_roles_chat_features.TestAdminSelfDeactivationPrevention" name="test_admin_cannot_deactivate_self" time="0.353" /><testcase classname="tests.test_phase7_new_roles_chat_features.TestExistingRolesUnchanged" name="test_admin_can_access_user_management" time="0.295" /><testcase classname="tests.test_phase7_new_roles_chat_features.TestExistingRolesUnchanged" name="test_admin_can_access_reports" time="0.046" /><testcase classname="tests.test_phase7_new_roles_chat_features.TestExistingRolesUnchanged" name="test_admin_can_access_audit_logs" time="0.037" /><testcase classname="tests.test_phase7_new_roles_chat_features.TestExistingRolesUnchanged" name="test_manager_can_access_reports" time="0.307" /><testcase classname="tests.test_phase7_new_roles_chat_features.TestExistingRolesUnchanged" name="test_manager_can_access_audit_logs" time="0.035" /><testcase classname="tests.test_phase7_new_roles_chat_features.TestExistingRolesUnchanged" name="test_team_member_can_access_tasks" time="0.295" /><testcase classname="tests.test_phase7_new_roles_chat_features.TestExistingRolesUnchanged" name="test_team_member_cannot_access_user_management" time="0.037" /></testsuite></testsuites>