<?xml version="1.0" encoding="utf-8"?><testsuites name="pytest tests"><testsuite name="pytest" errors="0" failures="1" skipped="0" tests="35" time="99.327" timestamp="2026-01-23T02:17:53.542498+00:00" hostname="agent-env-700afd66-19f7-4fce-99ee-0f85364417d3"><testcase classname="tests.test_phase8_task_search_filter.TestTaskSearchFilterSort" name="test_admin_sees_all_tasks" time="0.893" /><testcase classname="tests.test_phase8_task_search_filter.TestTaskSearchFilterSort" name="test_sales_sees_all_tasks" time="0.841" /><testcase classname="tests.test_phase8_task_search_filter.TestTaskSearchFilterSort" name="test_member_sees_all_tasks" time="0.825" /><testcase classname="tests.test_phase8_task_search_filter.TestTaskSearchFilterSort" name="test_all_roles_see_same_task_count" time="0.899" /><testcase classname="tests.test_phase8_task_search_filter.TestTaskSearchFilterSort" name="test_search_by_title" time="0.996" /><testcase classname="tests.test_phase8_task_search_filter.TestTaskSearchFilterSort" name="test_search_by_title_case_insensitive" time="0.916" /><testcase classname="tests.test_phase8_task_search_filter.TestTaskSearchFilterSort" name="test_search_by_description" time="0.886" /><testcase classname="tests.test_phase8_task_search_filter.TestTaskSearchFilterSort" name="test_filter_by_status_todo" time="0.829" /><testcase classname="tests.test_phase8_task_search_filter.TestTaskSearchFilterSort" name="test_filter_by_status_in_progress" time="0.825" /><testcase classname="tests.test_phase8_task_search_filter.TestTaskSearchFilterSort" name="test_filter_by_status_completed" time="0.819" /><testcase classname="tests.test_phase8_task_search_filter.TestTaskSearchFilterSort" name="test_filter_by_status_cancelled" time="0.814" /><testcase classname="tests.test_phase8_task_search_filter.TestTaskSearchFilterSort" name="test_filter_by_priority_high" time="0.906" /><testcase classname="tests.test_phase8_task_search_filter.TestTaskSearchFilterSort" name="test_filter_by_priority_medium" time="0.814" /><testcase classname="tests.test_phase8_task_search_filter.TestTaskSearchFilterSort" name="test_filter_by_priority_low" time="0.945" /><testcase classname="tests.test_phase8_task_search_filter.TestTaskSearchFilterSort" name="test_filter_by_assigned_to" time="0.905" /><testcase classname="tests.test_phase8_task_search_filter.TestTaskSearchFilterSort" name="test_filter_by_due_date_from" time="0.901" /><testcase classname="tests.test_phase8_task_search_filter.TestTaskSearchFilterSort" name="test_filter_by_due_date_to" time="0.854" /><testcase classname="tests.test_phase8_task_search_filter.TestTaskSearchFilterSort" name="test_filter_by_due_date_range" time="0.838" /><testcase classname="tests.test_phase8_task_search_filter.TestTaskSearchFilterSort" name="test_filter_overdue_tasks" time="0.985" /><testcase classname="tests.test_phase8_task_search_filter.TestTaskSearchFilterSort" name="test_sort_by_created_at_desc" time="0.823" /><testcase classname="tests.test_phase8_task_search_filter.TestTaskSearchFilterSort" name="test_sort_by_created_at_asc" time="0.819" /><testcase classname="tests.test_phase8_task_search_filter.TestTaskSearchFilterSort" name="test_sort_by_due_date" time="0.817" /><testcase classname="tests.test_phase8_task_search_filter.TestTaskSearchFilterSort" name="test_sort_by_priority" time="0.816" /><testcase classname="tests.test_phase8_task_search_filter.TestTaskSearchFilterSort" name="test_sort_by_status" time="0.836" /><testcase classname="tests.test_phase8_task_search_filter.TestTaskSearchFilterSort" name="test_sort_by_title" time="0.834"><failure message="AssertionError: assert 'test_uniquesearchtitle123' &lt;= 'task from team member'&#10; +  where 'test_uniquesearchtitle123' = &lt;built-in method lower of str object at 0xfc78d4853000&gt;()&#10; +    where &lt;built-in method lower of str object at 0xfc78d4853000&gt; = 'TEST_UniqueSearchTitle123'.lower&#10; +  and   'task from team member' = &lt;built-in method lower of str object at 0xfc78d4853190&gt;()&#10; +    where &lt;built-in method lower of str object at 0xfc78d4853190&gt; = 'Task from Team Member'.lower">tests/test_phase8_task_search_filter.py:528: in test_sort_by_title
    assert tasks[i]["title"].lower() &lt;= tasks[i+1]["title"].lower()
E   AssertionError: assert 'test_uniquesearchtitle123' &lt;= 'task from team member'
E    +  where 'test_uniquesearchtitle123' = &lt;built-in method lower of str object at 0xfc78d4853000&gt;()
E    +    where &lt;built-in method lower of str object at 0xfc78d4853000&gt; = 'TEST_UniqueSearchTitle123'.lower
E    +  and   'task from team member' = &lt;built-in method lower of str object at 0xfc78d4853190&gt;()
E    +    where &lt;built-in method lower of str object at 0xfc78d4853190&gt; = 'Task from Team Member'.lower</failure></testcase><testcase classname="tests.test_phase8_task_search_filter.TestTaskSearchFilterSort" name="test_pagination_skip" time="0.840" /><testcase classname="tests.test_phase8_task_search_filter.TestTaskSearchFilterSort" name="test_pagination_limit" time="69.193" /><testcase classname="tests.test_phase8_task_search_filter.TestTaskSearchFilterSort" name="test_pagination_skip_and_limit" time="0.833" /><testcase classname="tests.test_phase8_task_search_filter.TestTaskSearchFilterSort" name="test_task_stats_summary_endpoint" time="0.859" /><testcase classname="tests.test_phase8_task_search_filter.TestTaskSearchFilterSort" name="test_task_stats_counts_match" time="0.863" /><testcase classname="tests.test_phase8_task_search_filter.TestTaskSearchFilterSort" name="test_stats_accessible_by_all_roles" time="0.935" /><testcase classname="tests.test_phase8_task_search_filter.TestTaskSearchFilterSort" name="test_combined_search_and_status" time="0.900" /><testcase classname="tests.test_phase8_task_search_filter.TestTaskSearchFilterSort" name="test_combined_priority_and_assigned" time="1.447" /><testcase classname="tests.test_phase8_task_search_filter.TestTaskSearchFilterSort" name="test_combined_filters_with_sort" time="0.811" /><testcase classname="tests.test_phase8_task_search_filter.TestTaskSearchFilterSort" name="test_all_filters_combined" time="0.812" /></testsuite></testsuites>