<?xml version="1.0" encoding="utf-8"?><testsuites name="pytest tests"><testsuite name="pytest" errors="0" failures="3" skipped="0" tests="34" time="6.246" timestamp="2026-01-22T15:20:13.301879+00:00" hostname="agent-env-700afd66-19f7-4fce-99ee-0f85364417d3"><testcase classname="tests.test_phase7_new_roles_chat_features.TestNewRolesLogin" name="test_sales_login" time="0.299" /><testcase classname="tests.test_phase7_new_roles_chat_features.TestNewRolesLogin" name="test_existing_admin_login" time="0.273" /><testcase classname="tests.test_phase7_new_roles_chat_features.TestNewRolesLogin" name="test_existing_manager_login" time="0.265" /><testcase classname="tests.test_phase7_new_roles_chat_features.TestNewRolesLogin" name="test_existing_team_member_login" time="0.261" /><testcase classname="tests.test_phase7_new_roles_chat_features.TestNewRolesTaskAccess" name="test_sales_can_access_tasks_list" time="0.307" /><testcase classname="tests.test_phase7_new_roles_chat_features.TestNewRolesTaskAccess" name="test_sales_can_get_assignable_users" time="0.042" /><testcase classname="tests.test_phase7_new_roles_chat_features.TestNewRolesTaskAccess" name="test_sales_can_create_task_assigned_to_manager" time="0.091" /><testcase classname="tests.test_phase7_new_roles_chat_features.TestNewRolesTaskAccess" name="test_sales_cannot_assign_task_to_admin" time="0.347" /><testcase classname="tests.test_phase7_new_roles_chat_features.TestNewRolesAccessRestrictions" name="test_sales_cannot_access_user_management" time="0.298" /><testcase classname="tests.test_phase7_new_roles_chat_features.TestNewRolesAccessRestrictions" name="test_sales_cannot_create_users" time="0.038" /><testcase classname="tests.test_phase7_new_roles_chat_features.TestNewRolesAccessRestrictions" name="test_sales_cannot_access_reports" time="0.034"><failure message="AssertionError: Expected 403, got 404: {&quot;detail&quot;:&quot;Not Found&quot;}&#10;assert 404 == 403&#10; +  where 404 = &lt;Response [404]&gt;.status_code">tests/test_phase7_new_roles_chat_features.py:195: in test_sales_cannot_access_reports
    assert response.status_code == 403, f"Expected 403, got {response.status_code}: {response.text}"
E   AssertionError: Expected 403, got 404: {"detail":"Not Found"}
E   assert 404 == 403
E    +  where 404 = &lt;Response [404]&gt;.status_code</failure></testcase><testcase classname="tests.test_phase7_new_roles_chat_features.TestNewRolesAccessRestrictions" name="test_sales_cannot_access_audit_logs" time="0.036" /><testcase classname="tests.test_phase7_new_roles_chat_features.TestNewRolesChatAccess" name="test_sales_can_get_available_users_for_chat" time="0.293" /><testcase classname="tests.test_phase7_new_roles_chat_features.TestNewRolesChatAccess" name="test_sales_can_create_conversation" time="0.336" /><testcase classname="tests.test_phase7_new_roles_chat_features.TestNewRolesChatAccess" name="test_sales_can_send_message" time="0.076" /><testcase classname="tests.test_phase7_new_roles_chat_features.TestNewRolesChatAccess" name="test_sales_can_list_conversations" time="0.036" /><testcase classname="tests.test_phase7_new_roles_chat_features.TestChatPinConversation" name="test_pin_conversation" time="0.372" /><testcase classname="tests.test_phase7_new_roles_chat_features.TestChatPinConversation" name="test_unpin_conversation" time="0.035" /><testcase classname="tests.test_phase7_new_roles_chat_features.TestChatPinConversation" name="test_pinned_conversations_appear_in_list" time="0.075" /><testcase classname="tests.test_phase7_new_roles_chat_features.TestChatPinMessage" name="test_pin_message" time="0.501" /><testcase classname="tests.test_phase7_new_roles_chat_features.TestChatPinMessage" name="test_unpin_message" time="0.039" /><testcase classname="tests.test_phase7_new_roles_chat_features.TestChatPinMessage" name="test_get_pinned_messages" time="0.071" /><testcase classname="tests.test_phase7_new_roles_chat_features.TestChatSearchMessages" name="test_search_messages_all_conversations" time="0.403" /><testcase classname="tests.test_phase7_new_roles_chat_features.TestChatSearchMessages" name="test_search_messages_in_specific_conversation" time="0.042" /><testcase classname="tests.test_phase7_new_roles_chat_features.TestChatSearchMessages" name="test_search_returns_conversation_name" time="0.038" /><testcase classname="tests.test_phase7_new_roles_chat_features.TestChatSearchMessages" name="test_search_empty_query_fails" time="0.040" /><testcase classname="tests.test_phase7_new_roles_chat_features.TestAdminSelfDeactivationPrevention" name="test_admin_cannot_deactivate_self" time="0.331" /><testcase classname="tests.test_phase7_new_roles_chat_features.TestExistingRolesUnchanged" name="test_admin_can_access_user_management" time="0.312" /><testcase classname="tests.test_phase7_new_roles_chat_features.TestExistingRolesUnchanged" name="test_admin_can_access_reports" time="0.076"><failure message="AssertionError: Admin cannot access reports: {&quot;detail&quot;:&quot;Not Found&quot;}&#10;assert 404 == 200&#10; +  where 404 = &lt;Response [404]&gt;.status_code">tests/test_phase7_new_roles_chat_features.py:652: in test_admin_can_access_reports
    assert response.status_code == 200, f"Admin cannot access reports: {response.text}"
E   AssertionError: Admin cannot access reports: {"detail":"Not Found"}
E   assert 404 == 200
E    +  where 404 = &lt;Response [404]&gt;.status_code</failure></testcase><testcase classname="tests.test_phase7_new_roles_chat_features.TestExistingRolesUnchanged" name="test_admin_can_access_audit_logs" time="0.036" /><testcase classname="tests.test_phase7_new_roles_chat_features.TestExistingRolesUnchanged" name="test_manager_can_access_reports" time="0.291"><failure message="AssertionError: Manager cannot access reports: {&quot;detail&quot;:&quot;Not Found&quot;}&#10;assert 404 == 200&#10; +  where 404 = &lt;Response [404]&gt;.status_code">tests/test_phase7_new_roles_chat_features.py:666: in test_manager_can_access_reports
    assert response.status_code == 200, f"Manager cannot access reports: {response.text}"
E   AssertionError: Manager cannot access reports: {"detail":"Not Found"}
E   assert 404 == 200
E    +  where 404 = &lt;Response [404]&gt;.status_code</failure></testcase><testcase classname="tests.test_phase7_new_roles_chat_features.TestExistingRolesUnchanged" name="test_manager_can_access_audit_logs" time="0.037" /><testcase classname="tests.test_phase7_new_roles_chat_features.TestExistingRolesUnchanged" name="test_team_member_can_access_tasks" time="0.289" /><testcase classname="tests.test_phase7_new_roles_chat_features.TestExistingRolesUnchanged" name="test_team_member_cannot_access_user_management" time="0.033" /></testsuite></testsuites>