<?xml version="1.0" encoding="utf-8"?><testsuites name="pytest tests"><testsuite name="pytest" errors="0" failures="0" skipped="0" tests="17" time="7.228" timestamp="2026-01-23T02:35:07.657207+00:00" hostname="agent-env-beee7a67-0203-4f4e-8fbe-dcc7346a1f20"><testcase classname="tests.test_phase9_authorization_fix.TestAuthorizationFix" name="test_admin_can_create_task" time="0.311" /><testcase classname="tests.test_phase9_authorization_fix.TestAuthorizationFix" name="test_manager_can_create_task" time="0.270" /><testcase classname="tests.test_phase9_authorization_fix.TestAuthorizationFix" name="test_member_can_create_task" time="0.281" /><testcase classname="tests.test_phase9_authorization_fix.TestAuthorizationFix" name="test_member_cannot_assign_to_admin" time="0.314" /><testcase classname="tests.test_phase9_authorization_fix.TestAuthorizationFix" name="test_all_users_see_all_tasks" time="0.811" /><testcase classname="tests.test_phase9_authorization_fix.TestAuthorizationFix" name="test_member_can_view_task_not_assigned_to_them" time="0.553" /><testcase classname="tests.test_phase9_authorization_fix.TestAuthorizationFix" name="test_member_can_view_comments_on_any_task" time="0.613" /><testcase classname="tests.test_phase9_authorization_fix.TestAuthorizationFix" name="test_member_can_add_comment_on_any_task" time="0.511" /><testcase classname="tests.test_phase9_authorization_fix.TestAuthorizationFix" name="test_member_can_view_attachments_on_any_task" time="0.514" /><testcase classname="tests.test_phase9_authorization_fix.TestAuthorizationFix" name="test_full_task_detail_flow_for_member" time="0.567" /><testcase classname="tests.test_phase9_authorization_fix.TestAuthorizationFix" name="test_case_insensitive_title_sorting" time="0.407" /><testcase classname="tests.test_phase9_authorization_fix.TestAuthorizationFix" name="test_filter_by_status" time="0.307" /><testcase classname="tests.test_phase9_authorization_fix.TestAuthorizationFix" name="test_filter_by_priority" time="0.294" /><testcase classname="tests.test_phase9_authorization_fix.TestAuthorizationFix" name="test_filter_by_assigned_to" time="0.264" /><testcase classname="tests.test_phase9_authorization_fix.TestAuthorizationFix" name="test_search_by_title" time="0.275" /><testcase classname="tests.test_phase9_authorization_fix.TestAuthorizationFix" name="test_task_stats_summary" time="0.310" /><testcase classname="tests.test_phase9_authorization_fix.TestCleanup" name="test_cleanup_test_tasks" time="0.498" /></testsuite></testsuites>