<?xml version="1.0" encoding="utf-8"?><testsuites name="pytest tests"><testsuite name="pytest" errors="0" failures="0" skipped="0" tests="26" time="11.851" timestamp="2026-01-23T03:12:44.726161+00:00" hostname="agent-env-beee7a67-0203-4f4e-8fbe-dcc7346a1f20"><testcase classname="tests.test_phase10_bulk_kanban.TestAuth" name="test_admin_login" time="0.298" /><testcase classname="tests.test_phase10_bulk_kanban.TestAuth" name="test_manager_login" time="0.268" /><testcase classname="tests.test_phase10_bulk_kanban.TestAuth" name="test_member_login" time="0.299" /><testcase classname="tests.test_phase10_bulk_kanban.TestBulkUpdateEndpoint" name="test_admin_bulk_update_status" time="0.486" /><testcase classname="tests.test_phase10_bulk_kanban.TestBulkUpdateEndpoint" name="test_admin_bulk_update_priority" time="0.439" /><testcase classname="tests.test_phase10_bulk_kanban.TestBulkUpdateEndpoint" name="test_admin_bulk_update_assigned_to" time="0.402" /><testcase classname="tests.test_phase10_bulk_kanban.TestBulkUpdateEndpoint" name="test_manager_bulk_update" time="0.630" /><testcase classname="tests.test_phase10_bulk_kanban.TestBulkUpdateEndpoint" name="test_member_cannot_bulk_update" time="0.616" /><testcase classname="tests.test_phase10_bulk_kanban.TestBulkUpdateEndpoint" name="test_bulk_update_no_fields" time="0.372" /><testcase classname="tests.test_phase10_bulk_kanban.TestBulkUpdateEndpoint" name="test_bulk_update_empty_task_ids" time="0.295" /><testcase classname="tests.test_phase10_bulk_kanban.TestBulkCancelEndpoint" name="test_admin_bulk_cancel" time="0.525" /><testcase classname="tests.test_phase10_bulk_kanban.TestBulkCancelEndpoint" name="test_manager_bulk_cancel" time="0.634" /><testcase classname="tests.test_phase10_bulk_kanban.TestBulkCancelEndpoint" name="test_member_cannot_bulk_cancel" time="0.628" /><testcase classname="tests.test_phase10_bulk_kanban.TestBulkDeleteEndpoint" name="test_admin_bulk_delete" time="0.528" /><testcase classname="tests.test_phase10_bulk_kanban.TestBulkDeleteEndpoint" name="test_manager_bulk_delete" time="0.590" /><testcase classname="tests.test_phase10_bulk_kanban.TestBulkDeleteEndpoint" name="test_member_cannot_bulk_delete" time="0.666" /><testcase classname="tests.test_phase10_bulk_kanban.TestKanbanStatusChange" name="test_admin_change_status_todo_to_in_progress" time="0.362" /><testcase classname="tests.test_phase10_bulk_kanban.TestKanbanStatusChange" name="test_admin_change_status_to_completed" time="0.362" /><testcase classname="tests.test_phase10_bulk_kanban.TestKanbanStatusChange" name="test_admin_change_status_to_cancelled" time="0.366" /><testcase classname="tests.test_phase10_bulk_kanban.TestKanbanStatusChange" name="test_member_change_own_task_status" time="0.668" /><testcase classname="tests.test_phase10_bulk_kanban.TestKanbanStatusChange" name="test_member_cannot_change_others_task_status" time="0.674" /><testcase classname="tests.test_phase10_bulk_kanban.TestTaskListFilters" name="test_filter_by_status" time="0.322" /><testcase classname="tests.test_phase10_bulk_kanban.TestTaskListFilters" name="test_filter_by_priority" time="0.288" /><testcase classname="tests.test_phase10_bulk_kanban.TestTaskListFilters" name="test_search_tasks" time="0.405" /><testcase classname="tests.test_phase10_bulk_kanban.TestTaskListFilters" name="test_get_all_statuses_for_kanban" time="0.295" /><testcase classname="tests.test_phase10_bulk_kanban.TestTaskStats" name="test_get_stats_summary" time="0.287" /></testsuite></testsuites>